[2023-08-21 15:57:08,673][utils.save_load][INFO] - ### Taking Snapshot ###
[2023-08-21 15:57:09,163][factory.trainer][INFO] - Training started.
[2023-08-21 17:04:08,300][factory.trainer][INFO] - train-epoch1: loss: 15.82662, ADE: 80.80057, FDE: 117.02998, MSE: 617.49781, local_ade: 80.80057, local_fde: 117.02998, time: 4019.11876, 
[2023-08-21 17:06:09,608][factory.trainer][INFO] - valid-epoch1: loss: 13.36703, ADE: 66.98724, FDE: 105.84006, MSE: 508.07132, local_ade: 66.98724, local_fde: 105.84006, time: 121.28481, 
[2023-08-21 17:06:09,608][utils.save_load][INFO] - ### Taking Snapshot ###
[2023-08-21 17:06:09,649][utils.save_load][INFO] - ### Taking Snapshot ###
[2023-08-21 18:13:53,923][factory.trainer][INFO] - train-epoch2: loss: 14.38424, ADE: 72.73681, FDE: 110.40882, MSE: 560.14303, local_ade: 72.73681, local_fde: 110.40882, time: 4063.64247, 
[2023-08-21 18:15:54,550][factory.trainer][INFO] - valid-epoch2: loss: 12.75131, ADE: 63.50723, FDE: 104.54546, MSE: 487.58682, local_ade: 63.50723, local_fde: 104.54546, time: 120.60421, 
[2023-08-21 18:15:54,550][utils.save_load][INFO] - ### Taking Snapshot ###
[2023-08-21 18:15:54,593][utils.save_load][INFO] - ### Taking Snapshot ###
[2023-08-21 19:24:16,459][factory.trainer][INFO] - train-epoch3: loss: 13.73293, ADE: 69.05546, FDE: 107.29838, MSE: 532.71180, local_ade: 69.05546, local_fde: 107.29838, time: 4101.17307, 
[2023-08-21 19:26:14,597][factory.trainer][INFO] - valid-epoch3: loss: 12.34256, ADE: 61.19671, FDE: 101.46010, MSE: 472.06223, local_ade: 61.19671, local_fde: 101.46010, time: 118.12920, 
[2023-08-21 19:26:14,597][utils.save_load][INFO] - ### Taking Snapshot ###
[2023-08-21 19:26:14,635][utils.save_load][INFO] - ### Taking Snapshot ###
[2023-08-21 20:33:59,595][factory.trainer][INFO] - train-epoch4: loss: 13.41754, ADE: 67.27285, FDE: 105.52405, MSE: 519.13117, local_ade: 67.27285, local_fde: 105.52405, time: 4064.18956, 
[2023-08-21 20:35:51,855][factory.trainer][INFO] - valid-epoch4: loss: 12.28794, ADE: 60.88811, FDE: 101.14583, MSE: 468.64215, local_ade: 60.88811, local_fde: 101.14583, time: 112.23786, 
[2023-08-21 20:35:51,855][utils.save_load][INFO] - ### Taking Snapshot ###
[2023-08-21 20:35:51,916][utils.save_load][INFO] - ### Taking Snapshot ###
[2023-08-21 21:43:40,846][factory.trainer][INFO] - train-epoch5: loss: 13.33771, ADE: 66.82162, FDE: 105.12234, MSE: 515.51299, local_ade: 66.82162, local_fde: 105.12234, time: 4068.14056, 
[2023-08-21 21:45:41,265][factory.trainer][INFO] - valid-epoch5: loss: 12.19450, ADE: 60.35992, FDE: 100.41000, MSE: 464.76923, local_ade: 60.35992, local_fde: 100.41000, time: 120.39752, 
[2023-08-21 21:45:41,265][utils.save_load][INFO] - ### Taking Snapshot ###
[2023-08-21 21:45:41,322][utils.save_load][INFO] - ### Taking Snapshot ###
[2023-08-21 22:52:27,722][factory.trainer][INFO] - train-epoch6: loss: 13.20352, ADE: 66.06312, FDE: 104.39577, MSE: 509.95264, local_ade: 66.06312, local_fde: 104.39577, time: 4005.63084, 
[2023-08-21 22:54:28,103][factory.trainer][INFO] - valid-epoch6: loss: 12.18056, ADE: 60.28127, FDE: 100.64677, MSE: 464.57742, local_ade: 60.28127, local_fde: 100.64677, time: 120.37072, 
[2023-08-21 22:54:28,104][utils.save_load][INFO] - ### Taking Snapshot ###
[2023-08-21 22:54:28,143][utils.save_load][INFO] - ### Taking Snapshot ###
[2023-08-21 23:59:23,535][factory.trainer][INFO] - train-epoch7: loss: 13.16364, ADE: 65.83773, FDE: 104.11647, MSE: 508.21634, local_ade: 65.83773, local_fde: 104.11647, time: 3894.66708, 
[2023-08-22 00:01:27,130][factory.trainer][INFO] - valid-epoch7: loss: 12.14285, ADE: 60.06805, FDE: 100.29292, MSE: 461.77875, local_ade: 60.06805, local_fde: 100.29292, time: 123.56945, 
[2023-08-22 00:01:27,131][utils.save_load][INFO] - ### Taking Snapshot ###
[2023-08-22 00:01:27,176][utils.save_load][INFO] - ### Taking Snapshot ###
[2023-08-22 01:06:57,293][factory.trainer][INFO] - train-epoch8: loss: 13.10443, ADE: 65.50308, FDE: 103.69364, MSE: 505.62033, local_ade: 65.50308, local_fde: 103.69364, time: 3929.40611, 
[2023-08-22 01:08:54,242][factory.trainer][INFO] - valid-epoch8: loss: 12.17000, ADE: 60.22149, FDE: 100.46414, MSE: 463.07349, local_ade: 60.22149, local_fde: 100.46414, time: 116.92820, 
[2023-08-22 01:08:54,243][utils.save_load][INFO] - ### Taking Snapshot ###
[2023-08-22 02:14:08,704][factory.trainer][INFO] - train-epoch9: loss: 13.08581, ADE: 65.39783, FDE: 103.55832, MSE: 504.76707, local_ade: 65.39783, local_fde: 103.55832, time: 3913.69075, 
[2023-08-22 02:16:02,528][factory.trainer][INFO] - valid-epoch9: loss: 12.16555, ADE: 60.19630, FDE: 100.21409, MSE: 463.56705, local_ade: 60.19630, local_fde: 100.21409, time: 113.80193, 
[2023-08-22 02:16:02,528][utils.save_load][INFO] - ### Taking Snapshot ###
[2023-08-22 03:22:19,893][factory.trainer][INFO] - train-epoch10: loss: 13.06982, ADE: 65.30746, FDE: 103.49874, MSE: 504.08957, local_ade: 65.30746, local_fde: 103.49874, time: 3976.60876, 
[2023-08-22 03:24:15,505][factory.trainer][INFO] - valid-epoch10: loss: 12.13583, ADE: 60.02842, FDE: 100.05405, MSE: 461.73483, local_ade: 60.02842, local_fde: 100.05405, time: 115.60092, 
[2023-08-22 03:24:15,505][utils.save_load][INFO] - ### Taking Snapshot ###
[2023-08-22 03:24:15,550][utils.save_load][INFO] - ### Taking Snapshot ###
[2023-08-22 03:24:16,221][factory.trainer][INFO] - ----------------------------------------------------------------------------------------------------
[2023-08-22 03:24:16,221][factory.trainer][INFO] - Training is completed in 41227.06 seconds.
